<?xml version="1.0" encoding="UTF-8" ?>
<testsuite errors="0" failures="0" hostname="id7" name="it.polito.dp2.NFV.lab3.test4.tests.NFVTests4" skipped="0" tests="3" time="11.575" timestamp="2018-09-20T09:37:14">
  <properties>
[...]
</properties>
  <testcase classname="it.polito.dp2.NFV.lab3.test4.tests.NFVTests4" name="testWrongURL" time="0.439" />
  <testcase classname="it.polito.dp2.NFV.lab3.test4.tests.NFVTests4" name="testNodeAddition" time="11.043" />
  <testcase classname="it.polito.dp2.NFV.lab3.test4.tests.NFVTests4" name="testWrongHostName" time="0.013" />
  <system-out><![CDATA[Random NfvReader: Using seed: 1113619
Random NfvReader: Test case: 0
INFO: starting testWrongURL
INFO: starting testNodeAddition
[Debug]:H0
[Debug]:MAILCLIENTt
INFO: testNodeAddition completed
INFO: starting testWrongHostName
]]></system-out>
  <system-err><![CDATA[]]></system-err>
</testsuite>
